<?xml version="1.0" encoding="UTF-8"?>
<!-- Generated by org.testng.reporters.JUnitReportReporter -->
<testsuite skipped="5" hostname="DESKTOP-4UVV2IA" name="com.finitebanking.testcases.TC_DemologinDDT" tests="6" failures="0" timestamp="19 Jun 2021 09:28:50 GMT" time="1.851" errors="1">
  <testcase name="loginDDT" time="0.000" classname="com.finitebanking.testcases.TC_DemologinDDT">
    <skipped/>
  </testcase> <!-- loginDDT -->
  <testcase name="loginDDT" time="0.000" classname="com.finitebanking.testcases.TC_DemologinDDT">
    <skipped/>
  </testcase> <!-- loginDDT -->
  <testcase name="loginDDT" time="0.000" classname="com.finitebanking.testcases.TC_DemologinDDT">
    <skipped/>
  </testcase> <!-- loginDDT -->
  <testcase name="setup" time="1.851" classname="com.finitebanking.testcases.TC_DemologinDDT">
    <error type="org.openqa.selenium.SessionNotCreatedException" message="session not created: This version of ChromeDriver only supports Chrome version 88
Current browser version is 91.0.4472.114 with binary path C:\Program Files (x86)\Google\Chrome\Application\chrome.exe
Build info: version: &#039;3.14.0&#039;, revision: &#039;aacccce0&#039;, time: &#039;2018-08-02T20:19:58.91Z&#039;
System info: host: &#039;DESKTOP-4UVV2IA&#039;, ip: &#039;192.168.43.174&#039;, os.name: &#039;Windows 10&#039;, os.arch: &#039;amd64&#039;, os.version: &#039;10.0&#039;, java.version: &#039;1.8.0_172&#039;
Driver info: driver.version: ChromeDriver
remote stacktrace: Backtrace:
	GetHandleVerifier [0x00D9B963+483]
	GetHandleVerifier [0x00D9B941+449]
	GetHandleVerifier [0x01143308+3832712]
	GetHandleVerifier [0x0115D69A+3940122]
	GetHandleVerifier [0x01159AFB+3924859]
	GetHandleVerifier [0x01157D9C+3917340]
	GetHandleVerifier [0x0117E7FE+4075646]
	GetHandleVerifier [0x0117E56C+4074988]
	GetHandleVerifier [0x0117B2EB+4062059]
	GetHandleVerifier [0x0115ED14+3945876]
	GetHandleVerifier [0x0115FBCE+3949646]
	GetHandleVerifier [0x0115FB59+3949529]
	Ordinal0 [0x00D5B5CC+46540]
	Ordinal0 [0x00D59F53+40787]
	Ordinal0 [0x00D59B12+39698]
	GetHandleVerifier [0x01061468+2907368]
	GetHandleVerifier [0x00EA71EE+1096302]
	GetHandleVerifier [0x00E63E8D+821005]
	GetHandleVerifier [0x00E6396B+819691]
	GetHandleVerifier [0x00E63881+819457]
	GetHandleVerifier [0x00E8F463+998627]
	BaseThreadInitThunk [0x77096359+25]
	RtlGetAppContainerNamedObjectPath [0x775A7C24+228]
	RtlGetAppContainerNamedObjectPath [0x775A7BF4+180]
">
      <![CDATA[org.openqa.selenium.SessionNotCreatedException: session not created: This version of ChromeDriver only supports Chrome version 88
Current browser version is 91.0.4472.114 with binary path C:\Program Files (x86)\Google\Chrome\Application\chrome.exe
Build info: version: '3.14.0', revision: 'aacccce0', time: '2018-08-02T20:19:58.91Z'
System info: host: 'DESKTOP-4UVV2IA', ip: '192.168.43.174', os.name: 'Windows 10', os.arch: 'amd64', os.version: '10.0', java.version: '1.8.0_172'
Driver info: driver.version: ChromeDriver
remote stacktrace: Backtrace:
GetHandleVerifier [0x00D9B963+483]
GetHandleVerifier [0x00D9B941+449]
GetHandleVerifier [0x01143308+3832712]
GetHandleVerifier [0x0115D69A+3940122]
GetHandleVerifier [0x01159AFB+3924859]
GetHandleVerifier [0x01157D9C+3917340]
GetHandleVerifier [0x0117E7FE+4075646]
GetHandleVerifier [0x0117E56C+4074988]
GetHandleVerifier [0x0117B2EB+4062059]
GetHandleVerifier [0x0115ED14+3945876]
GetHandleVerifier [0x0115FBCE+3949646]
GetHandleVerifier [0x0115FB59+3949529]
Ordinal0 [0x00D5B5CC+46540]
Ordinal0 [0x00D59F53+40787]
Ordinal0 [0x00D59B12+39698]
GetHandleVerifier [0x01061468+2907368]
GetHandleVerifier [0x00EA71EE+1096302]
GetHandleVerifier [0x00E63E8D+821005]
GetHandleVerifier [0x00E6396B+819691]
GetHandleVerifier [0x00E63881+819457]
GetHandleVerifier [0x00E8F463+998627]
BaseThreadInitThunk [0x77096359+25]
RtlGetAppContainerNamedObjectPath [0x775A7C24+228]
RtlGetAppContainerNamedObjectPath [0x775A7BF4+180]

at sun.reflect.NativeConstructorAccessorImpl.newInstance0(Native Method)
at sun.reflect.NativeConstructorAccessorImpl.newInstance(NativeConstructorAccessorImpl.java:62)
at sun.reflect.DelegatingConstructorAccessorImpl.newInstance(DelegatingConstructorAccessorImpl.java:45)
at java.lang.reflect.Constructor.newInstance(Constructor.java:423)
at org.openqa.selenium.remote.W3CHandshakeResponse.lambda$new$0(W3CHandshakeResponse.java:57)
at org.openqa.selenium.remote.W3CHandshakeResponse.lambda$getResponseFunction$2(W3CHandshakeResponse.java:104)
at org.openqa.selenium.remote.ProtocolHandshake.lambda$createSession$0(ProtocolHandshake.java:122)
at java.util.stream.ReferencePipeline$3$1.accept(ReferencePipeline.java:193)
at java.util.Spliterators$ArraySpliterator.tryAdvance(Spliterators.java:958)
at java.util.stream.ReferencePipeline.forEachWithCancel(ReferencePipeline.java:126)
at java.util.stream.AbstractPipeline.copyIntoWithCancel(AbstractPipeline.java:498)
at java.util.stream.AbstractPipeline.copyInto(AbstractPipeline.java:485)
at java.util.stream.AbstractPipeline.wrapAndCopyInto(AbstractPipeline.java:471)
at java.util.stream.FindOps$FindOp.evaluateSequential(FindOps.java:152)
at java.util.stream.AbstractPipeline.evaluate(AbstractPipeline.java:234)
at java.util.stream.ReferencePipeline.findFirst(ReferencePipeline.java:464)
at org.openqa.selenium.remote.ProtocolHandshake.createSession(ProtocolHandshake.java:125)
at org.openqa.selenium.remote.ProtocolHandshake.createSession(ProtocolHandshake.java:73)
at org.openqa.selenium.remote.HttpCommandExecutor.execute(HttpCommandExecutor.java:136)
at org.openqa.selenium.remote.service.DriverCommandExecutor.execute(DriverCommandExecutor.java:83)
at org.openqa.selenium.remote.RemoteWebDriver.execute(RemoteWebDriver.java:548)
at org.openqa.selenium.remote.RemoteWebDriver.startSession(RemoteWebDriver.java:212)
at org.openqa.selenium.remote.RemoteWebDriver.<init>(RemoteWebDriver.java:130)
at org.openqa.selenium.chrome.ChromeDriver.<init>(ChromeDriver.java:181)
at org.openqa.selenium.chrome.ChromeDriver.<init>(ChromeDriver.java:168)
at org.openqa.selenium.chrome.ChromeDriver.<init>(ChromeDriver.java:123)
at com.finitebanking.testcases.BaseClass.setup(BaseClass.java:40)
at sun.reflect.NativeMethodAccessorImpl.invoke0(Native Method)
at sun.reflect.NativeMethodAccessorImpl.invoke(NativeMethodAccessorImpl.java:62)
at sun.reflect.DelegatingMethodAccessorImpl.invoke(DelegatingMethodAccessorImpl.java:43)
at java.lang.reflect.Method.invoke(Method.java:498)
at org.testng.internal.MethodInvocationHelper.invokeMethod(MethodInvocationHelper.java:124)
at org.testng.internal.MethodInvocationHelper.invokeMethodConsideringTimeout(MethodInvocationHelper.java:59)
at org.testng.internal.Invoker.invokeConfigurationMethod(Invoker.java:458)
at org.testng.internal.Invoker.invokeConfigurations(Invoker.java:222)
at org.testng.internal.Invoker.invokeConfigurations(Invoker.java:142)
at org.testng.internal.TestMethodWorker.invokeBeforeClassMethods(TestMethodWorker.java:168)
at org.testng.internal.TestMethodWorker.run(TestMethodWorker.java:105)
at org.testng.TestRunner.privateRun(TestRunner.java:648)
at org.testng.TestRunner.run(TestRunner.java:505)
at org.testng.SuiteRunner.runTest(SuiteRunner.java:455)
at org.testng.SuiteRunner.runSequentially(SuiteRunner.java:450)
at org.testng.SuiteRunner.privateRun(SuiteRunner.java:415)
at org.testng.SuiteRunner.run(SuiteRunner.java:364)
at org.testng.SuiteRunnerWorker.runSuite(SuiteRunnerWorker.java:52)
at org.testng.SuiteRunnerWorker.run(SuiteRunnerWorker.java:84)
at org.testng.TestNG.runSuitesSequentially(TestNG.java:1208)
at org.testng.TestNG.runSuitesLocally(TestNG.java:1137)
at org.testng.TestNG.runSuites(TestNG.java:1049)
at org.testng.TestNG.run(TestNG.java:1017)
at org.testng.remote.AbstractRemoteTestNG.run(AbstractRemoteTestNG.java:114)
at org.testng.remote.RemoteTestNG.initAndRun(RemoteTestNG.java:251)
at org.testng.remote.RemoteTestNG.main(RemoteTestNG.java:77)
]]>
    </error>
  </testcase> <!-- setup -->
  <testcase name="loginDDT" time="0.000" classname="com.finitebanking.testcases.TC_DemologinDDT">
    <skipped/>
  </testcase> <!-- loginDDT -->
  <testcase name="loginDDT" time="0.000" classname="com.finitebanking.testcases.TC_DemologinDDT">
    <skipped/>
  </testcase> <!-- loginDDT -->
</testsuite> <!-- com.finitebanking.testcases.TC_DemologinDDT -->
