<?xml version="1.0" encoding="UTF-8"?>
<!-- Generated by org.testng.reporters.JUnitReportReporter -->
<testsuite skipped="1" hostname="DESKTOP-4UVV2IA" name="com.finitebanking.testcases.TC_LoginDDT_001" tests="1" failures="0" timestamp="17 Apr 2021 12:05:11 GMT" time="0.000" errors="0">
  <testcase name="loginDDT" time="0.000" classname="com.finitebanking.testcases.TC_LoginDDT_001">
    <skipped/>
  </testcase> <!-- loginDDT -->
</testsuite> <!-- com.finitebanking.testcases.TC_LoginDDT_001 -->
