<?xml version="1.0" encoding="UTF-8"?>
<!-- Generated by org.testng.reporters.JUnitReportReporter -->
<testsuite skipped="0" hostname="DESKTOP-4UVV2IA" name="com.finitebanking.testcases.AddCustmer003" tests="1" failures="0" timestamp="21 Apr 2021 02:24:42 GMT" time="18.168" errors="0">
  <testcase name="addNewCustomer" time="18.168" classname="com.finitebanking.testcases.AddCustmer003"/>
</testsuite> <!-- com.finitebanking.testcases.AddCustmer003 -->
